#
# There is insufficient memory for the Java Runtime Environment to continue.
# Native memory allocation (malloc) failed to allocate 1048576 bytes for AllocateHeap
# Possible reasons:
#   The system is out of physical RAM or swap space
#   In 32 bit mode, the process size limit was hit
# Possible solutions:
#   Reduce memory load on the system
#   Increase physical memory or swap space
#   Check if swap backing store is full
#   Use 64 bit Java on a 64 bit OS
#   Decrease Java heap size (-Xmx/-Xms)
#   Decrease number of Java threads
#   Decrease Java thread stack sizes (-Xss)
#   Set larger code cache with -XX:ReservedCodeCacheSize=
# This output file may be truncated or incomplete.
#
#  Out of Memory Error (memory/allocation.inline.hpp:61), pid=13436, tid=0x0000000000002fa0
#
# JRE version:  (8.0_121-b13) (build )
# Java VM: Java HotSpot(TM) 64-Bit Server VM (25.121-b13 mixed mode windows-amd64 compressed oops)
# Failed to write core dump. Minidumps are not enabled by default on client versions of Windows
#

---------------  T H R E A D  ---------------

Current thread (0x00000000038de000):  JavaThread "Unknown thread" [_thread_in_vm, id=12192, stack(0x00000000050a0000,0x00000000051a0000)]

Stack: [0x00000000050a0000,0x00000000051a0000]
[error occurred during error reporting (printing stack bounds), id 0xc0000005]

Native frames: (J=compiled Java code, j=interpreted, Vv=VM code, C=native code)


---------------  P R O C E S S  ---------------

Java Threads: ( => current thread )

Other Threads:

=>0x00000000038de000 (exited) JavaThread "Unknown thread" [_thread_in_vm, id=12192, stack(0x00000000050a0000,0x00000000051a0000)]

VM state:not at safepoint (normal execution)

VM Mutex/Monitor currently owned by a thread: None

Heap:
 PSYoungGen      total 38400K, used 665K [0x00000000d5e00000, 0x00000000d8880000, 0x0000000100000000)
  eden space 33280K, 2% used [0x00000000d5e00000,0x00000000d5ea6670,0x00000000d7e80000)
  from space 5120K, 0% used [0x00000000d8380000,0x00000000d8380000,0x00000000d8880000)
  to   space 5120K, 0% used [0x00000000d7e80000,0x00000000d7e80000,0x00000000d8380000)
 ParOldGen       total 87552K, used 0K [0x0000000081a00000, 0x0000000086f80000, 0x00000000d5e00000)
  object space 87552K, 0% used [0x0000000081a00000,0x0000000081a00000,0x0000000086f80000)
 Metaspace       used 770K, capacity 4480K, committed 4480K, reserved 1056768K
  class space    used 75K, capacity 384K, committed 384K, reserved 1048576K

Card table byte_map: [0x0000000014660000,0x0000000014a60000] byte_map_base: 0x0000000014253000

Marking Bits: (ParMarkBitMap*) 0x00000000658ab6d0
 Begin Bits: [0x0000000015510000, 0x00000000174a8000)
 End Bits:   [0x00000000174a8000, 0x0000000019440000)

Polling page: 0x00000000032d0000

CodeCache: size=245760Kb used=328Kb max_used=328Kb free=245431Kb
 bounds [0x00000000052a0000, 0x0000000005510000, 0x00000000142a0000]
 total_blobs=58 nmethods=0 adapters=38
 compilation: enabled

Compilation events (0 events):
No events

GC Heap History (0 events):
No events

Deoptimization events (0 events):
No events

Internal exceptions (0 events):
No events

Events (10 events):
Event: 0.025 loading class java/lang/Short
Event: 0.025 loading class java/lang/Short done
Event: 0.025 loading class java/lang/Integer
Event: 0.025 loading class java/lang/Integer done
Event: 0.025 loading class java/lang/Long
Event: 0.025 loading class java/lang/Long done
Event: 0.026 loading class java/lang/NullPointerException
Event: 0.026 loading class java/lang/NullPointerException done
Event: 0.026 loading class java/lang/ArithmeticException
Event: 0.026 loading class java/lang/ArithmeticException done


Dynamic libraries:
0x00007ff62fbb0000 - 0x00007ff62fbe7000 	C:\Program Files\Java\jdk1.8.0_121\jre\bin\javaw.exe
0x00007ff862410000 - 0x00007ff8625f0000 	C:\WINDOWS\SYSTEM32\ntdll.dll
0x00007ff861f10000 - 0x00007ff861fbe000 	C:\WINDOWS\System32\KERNEL32.DLL
0x00007ff85eb70000 - 0x00007ff85edd6000 	C:\WINDOWS\System32\KERNELBASE.dll
0x00007ff8606d0000 - 0x00007ff860771000 	C:\WINDOWS\System32\ADVAPI32.dll
0x00007ff860530000 - 0x00007ff8605cd000 	C:\WINDOWS\System32\msvcrt.dll
0x00007ff8605e0000 - 0x00007ff86063b000 	C:\WINDOWS\System32\sechost.dll
0x00007ff85f960000 - 0x00007ff85fa7f000 	C:\WINDOWS\System32\RPCRT4.dll
0x00007ff85fd80000 - 0x00007ff85ff0f000 	C:\WINDOWS\System32\USER32.dll
0x00007ff85ea80000 - 0x00007ff85eaa0000 	C:\WINDOWS\System32\win32u.dll
0x00007ff860640000 - 0x00007ff860668000 	C:\WINDOWS\System32\GDI32.dll
0x00007ff85e8e0000 - 0x00007ff85ea73000 	C:\WINDOWS\System32\gdi32full.dll
0x00007ff85f810000 - 0x00007ff85f8ab000 	C:\WINDOWS\System32\msvcp_win.dll
0x00007ff85e7e0000 - 0x00007ff85e8d6000 	C:\WINDOWS\System32\ucrtbase.dll
0x00007ff855db0000 - 0x00007ff856019000 	C:\WINDOWS\WinSxS\amd64_microsoft.windows.common-controls_6595b64144ccf1df_6.0.16299.248_none_15ced204935f55d7\COMCTL32.dll
0x00007ff861fc0000 - 0x00007ff8622c8000 	C:\WINDOWS\System32\combase.dll
0x00007ff85eaa0000 - 0x00007ff85eb12000 	C:\WINDOWS\System32\bcryptPrimitives.dll
0x00007ff861ee0000 - 0x00007ff861f0d000 	C:\WINDOWS\System32\IMM32.DLL
0x0000000067110000 - 0x00000000671e2000 	C:\Program Files\Java\jdk1.8.0_121\jre\bin\msvcr100.dll
0x0000000065090000 - 0x000000006592b000 	C:\Program Files\Java\jdk1.8.0_121\jre\bin\server\jvm.dll
0x00007ff8605d0000 - 0x00007ff8605d8000 	C:\WINDOWS\System32\PSAPI.DLL
0x00007ff85d3f0000 - 0x00007ff85d3f9000 	C:\WINDOWS\SYSTEM32\WSOCK32.dll
0x00007ff853510000 - 0x00007ff85351a000 	C:\WINDOWS\SYSTEM32\VERSION.dll
0x00007ff8571b0000 - 0x00007ff8571d3000 	C:\WINDOWS\SYSTEM32\WINMM.dll
0x00007ff85fd00000 - 0x00007ff85fd6c000 	C:\WINDOWS\System32\WS2_32.dll
0x00007ff857180000 - 0x00007ff8571aa000 	C:\WINDOWS\SYSTEM32\winmmbase.dll
0x00007ff85eb20000 - 0x00007ff85eb6a000 	C:\WINDOWS\System32\cfgmgr32.dll
0x0000000067100000 - 0x000000006710f000 	C:\Program Files\Java\jdk1.8.0_121\jre\bin\verify.dll
0x00000000670d0000 - 0x00000000670f9000 	C:\Program Files\Java\jdk1.8.0_121\jre\bin\java.dll
0x00000000670b0000 - 0x00000000670c6000 	C:\Program Files\Java\jdk1.8.0_121\jre\bin\zip.dll

VM Arguments:
jvm_args: -Dfile.encoding=Cp1252 
java_command: com.revature.bank.java.BankHub
java_class_path (initial): C:\Program Files\Java\jdk1.8.0_121\jre\lib\resources.jar;C:\Program Files\Java\jdk1.8.0_121\jre\lib\rt.jar;C:\Program Files\Java\jdk1.8.0_121\jre\lib\jsse.jar;C:\Program Files\Java\jdk1.8.0_121\jre\lib\jce.jar;C:\Program Files\Java\jdk1.8.0_121\jre\lib\charsets.jar;C:\Program Files\Java\jdk1.8.0_121\jre\lib\jfr.jar;C:\Program Files\Java\jdk1.8.0_121\jre\lib\ext\access-bridge-64.jar;C:\Program Files\Java\jdk1.8.0_121\jre\lib\ext\cldrdata.jar;C:\Program Files\Java\jdk1.8.0_121\jre\lib\ext\dnsns.jar;C:\Program Files\Java\jdk1.8.0_121\jre\lib\ext\jaccess.jar;C:\Program Files\Java\jdk1.8.0_121\jre\lib\ext\jfxrt.jar;C:\Program Files\Java\jdk1.8.0_121\jre\lib\ext\localedata.jar;C:\Program Files\Java\jdk1.8.0_121\jre\lib\ext\nashorn.jar;C:\Program Files\Java\jdk1.8.0_121\jre\lib\ext\sunec.jar;C:\Program Files\Java\jdk1.8.0_121\jre\lib\ext\sunjce_provider.jar;C:\Program Files\Java\jdk1.8.0_121\jre\lib\ext\sunmscapi.jar;C:\Program Files\Java\jdk1.8.0_121\jre\lib\ext\sunpkcs11.jar;C:\Program Files\Java\jdk1.8.0_121\jre\lib\ext\zipfs.jar;C:\Users\richm\eclipse-workspace\BankApp\target\classes;C:\Users\richm\eclipse-workspace\BankApp\jars\log4j-1.2.17.jar
Launcher Type: SUN_STANDARD

Environment Variables:
PATH=C:\Program Files (x86)\Intel\iCLS Client\;C:\ProgramData\Oracle\Java\javapath;C:\Program Files\Intel\iCLS Client\;C:\windows\system32;C:\windows;C:\windows\System32\Wbem;C:\windows\System32\WindowsPowerShell\v1.0\;C:\Program Files (x86)\NVIDIA Corporation\PhysX\Common;C:\Program Files\Microsoft SQL Server\130\Tools\Binn\;C:\WINDOWS\system32;C:\WINDOWS;C:\WINDOWS\System32\Wbem;C:\WINDOWS\System32\WindowsPowerShell\v1.0\;C:\Program Files\Microsoft\Web Platform Installer\;C:\Program Files\dotnet\;C:\Program Files (x86)\GtkSharp\2.12\bin;C:\Program Files (x86)\Intel\Intel(R) Management Engine Components\DAL;C:\Program Files\Intel\Intel(R) Management Engine Components\DAL;C:\Program Files (x86)\Intel\Intel(R) Management Engine Components\IPT;C:\Program Files\Intel\Intel(R) Management Engine Components\IPT;C:\Program Files\Intel\WiFi\bin\;C:\Program Files\Common Files\Intel\WirelessCommon\;C:\Program Files\Git\cmd;C:\Users\richm\AppData\Local\Microsoft\WindowsApps;%DASHLANE_DLL_DIR%;
USERNAME=richm
OS=Windows_NT
PROCESSOR_IDENTIFIER=Intel64 Family 6 Model 94 Stepping 3, GenuineIntel



---------------  S Y S T E M  ---------------

OS: Windows 10.0 , 64 bit Build 16299 (10.0.16299.15)

CPU:total 8 (4 cores per cpu, 2 threads per core) family 6 model 94 stepping 3, cmov, cx8, fxsr, mmx, sse, sse2, sse3, ssse3, sse4.1, sse4.2, popcnt, avx, avx2, aes, clmul, erms, rtm, 3dnowpref, lzcnt, ht, tsc, tscinvbit, bmi1, bmi2, adx

Memory: 4k page, physical 8275744k(2589976k free), swap 16718224k(5384k free)

vm_info: Java HotSpot(TM) 64-Bit Server VM (25.121-b13) for windows-amd64 JRE (1.8.0_121-b13), built on Dec 12 2016 18:21:36 by "java_re" with MS VC++ 10.0 (VS2010)

time: Sun Mar 04 20:34:57 2018
elapsed time: 0 seconds (0d 0h 0m 0s)

