2018-03-02 16:31:13 FATAL root:9 - Fatal log
2018-03-02 16:31:13 ERROR root:12 - Error log
2018-03-02 16:31:13 WARN  root:15 - Warn log
2018-03-02 16:31:13 INFO  root:18 - Info log
2018-03-02 16:31:13 DEBUG root:21 - Debug log
2018-03-02 16:31:13 TRACE root:24 - Trace log
2018-03-02 16:40:50 FATAL root:9 - Fatal log
2018-03-02 16:40:50 ERROR root:12 - Error log
2018-03-02 16:40:50 WARN  root:15 - Warn log
2018-03-02 16:40:50 INFO  root:18 - Info log
2018-03-02 16:40:50 DEBUG root:21 - Debug log
2018-03-02 16:40:50 TRACE root:24 - Trace log
2018-03-02 21:59:59 INFO  root:18 - 9
2018-03-02 22:00:03 INFO  root:18 - 9
2018-03-02 22:00:05 INFO  root:18 - 1
2018-03-03 02:06:22 INFO  root:18 - 2
2018-03-03 20:20:21 INFO  root:18 - 
2018-03-03 20:20:51 INFO  root:18 - 
2018-03-03 20:22:36 INFO  root:18 - 
2018-03-03 20:43:10 INFO  root:18 - 
2018-03-03 21:04:12 INFO  root:18 - 
2018-03-03 21:05:06 INFO  root:18 - 
2018-03-03 21:09:55 INFO  root:18 - 
2018-03-03 21:38:00 INFO  root:18 - 
2018-03-03 21:46:38 INFO  root:18 - 
2018-03-03 23:17:16 INFO  root:18 - Crawdady
2018-03-03 23:18:41 INFO  root:18 - Crawdady
2018-03-03 23:19:45 INFO  root:18 - Crawdady
2018-03-03 23:22:40 INFO  root:18 - Crawdady
2018-03-03 23:23:54 INFO  root:18 - Crawdady
2018-03-03 23:24:46 INFO  root:18 - Crawdady
2018-03-03 23:24:46 INFO  root:18 - NK
2018-03-03 23:24:55 INFO  root:18 - Crawdady
2018-03-03 23:24:55 INFO  root:18 - NK
2018-03-04 01:30:01 INFO  root:18 - Crawdady
2018-03-04 01:30:01 INFO  root:18 - NK
2018-03-04 01:30:26 INFO  root:18 - Crawdady
2018-03-04 01:30:26 INFO  root:18 - NK
2018-03-04 12:55:42 INFO  root:18 - Crawdady
2018-03-04 12:55:42 INFO  root:18 - NK
2018-03-04 14:06:50 INFO  root:18 - Crawdady
2018-03-04 14:06:50 INFO  root:18 - NK
2018-03-04 14:06:55 INFO  root:18 - 1
2018-03-04 14:07:12 INFO  root:18 - Crawdady
2018-03-04 14:07:12 INFO  root:18 - NK
2018-03-04 14:07:12 INFO  root:18 - Crawdady
2018-03-04 14:07:12 INFO  root:18 - NK
2018-03-04 14:07:13 INFO  root:18 - 1
2018-03-04 14:19:41 INFO  root:18 - Crawdady
2018-03-04 14:19:41 INFO  root:18 - NK
2018-03-04 14:19:41 INFO  root:18 - Crawdady
2018-03-04 14:20:29 INFO  root:18 - Crawdady
2018-03-04 14:49:32 INFO  root:18 - ok
2018-03-04 14:50:44 INFO  root:18 - ok
2018-03-04 14:50:44 INFO  root:18 - Crawdady
2018-03-04 14:50:44 INFO  root:18 - NK
2018-03-04 14:51:00 INFO  root:18 - Crawdady
2018-03-04 14:51:00 INFO  root:18 - NK
2018-03-04 14:53:10 INFO  root:18 - Crawdady
2018-03-04 14:53:10 INFO  root:18 - NK
2018-03-04 14:53:10 INFO  root:18 - Crawdady
2018-03-04 14:53:10 INFO  root:18 - NK
2018-03-04 14:53:23 INFO  root:18 - Crawdady
2018-03-04 14:53:23 INFO  root:18 - NK
2018-03-04 14:53:23 INFO  root:18 - SSB4
2018-03-04 14:53:23 INFO  root:18 - Stuff
2018-03-04 14:57:36 INFO  root:18 - Crawdady
2018-03-04 14:57:36 INFO  root:18 - NK
2018-03-04 14:57:36 INFO  root:18 - SSB4
2018-03-04 14:57:36 INFO  root:18 - Stuff
2018-03-04 14:57:36 INFO  root:18 - Emp1
2018-03-04 14:57:36 INFO  root:18 - Admin
2018-03-04 15:06:43 INFO  root:18 - Crawdady
2018-03-04 15:06:43 INFO  root:18 - NK
2018-03-04 15:06:43 INFO  root:18 - SSB4
2018-03-04 15:06:43 INFO  root:18 - Stuff
2018-03-04 15:06:43 INFO  root:18 - Emp1
2018-03-04 15:06:43 INFO  root:18 - Admin
2018-03-04 15:11:12 INFO  root:18 - Crawdady
2018-03-04 15:11:12 INFO  root:18 - NK
2018-03-04 15:11:12 INFO  root:18 - SSB4
2018-03-04 15:11:12 INFO  root:18 - Stuff
2018-03-04 15:11:12 INFO  root:18 - Emp1
2018-03-04 15:11:27 INFO  root:18 - Crawdady
2018-03-04 15:11:27 INFO  root:18 - NK
2018-03-04 15:11:27 INFO  root:18 - SSB4
2018-03-04 15:11:27 INFO  root:18 - Stuff
2018-03-04 15:11:27 INFO  root:18 - Emp1
2018-03-04 15:11:27 INFO  root:18 - Admin
2018-03-04 15:11:27 INFO  root:18 - Crawdady
2018-03-04 15:11:27 INFO  root:18 - NK
2018-03-04 15:11:27 INFO  root:18 - SSB4
2018-03-04 15:11:27 INFO  root:18 - Stuff
2018-03-04 15:11:27 INFO  root:18 - Emp1
2018-03-04 15:11:27 INFO  root:18 - NK
2018-03-04 15:11:27 INFO  root:18 - Crawdady
2018-03-04 15:11:27 INFO  root:18 - NK
2018-03-04 15:11:27 INFO  root:18 - SSB4
2018-03-04 15:11:27 INFO  root:18 - Stuff
2018-03-04 15:11:27 INFO  root:18 - Emp1
2018-03-04 15:11:27 INFO  root:18 - Crawdady
2018-03-04 15:11:27 INFO  root:18 - NK
2018-03-04 15:11:27 INFO  root:18 - SSB4
2018-03-04 15:11:27 INFO  root:18 - Stuff
2018-03-04 15:11:27 INFO  root:18 - Emp1
2018-03-04 15:11:27 INFO  root:18 - 101.0
2018-03-04 15:11:31 INFO  root:18 - Crawdady
2018-03-04 15:11:31 INFO  root:18 - NK
2018-03-04 15:11:31 INFO  root:18 - SSB4
2018-03-04 15:11:31 INFO  root:18 - Stuff
2018-03-04 15:11:31 INFO  root:18 - Emp1
2018-03-04 15:11:31 INFO  root:18 - Admin
2018-03-04 15:11:31 INFO  root:18 - Crawdady
2018-03-04 15:11:31 INFO  root:18 - NK
2018-03-04 15:11:31 INFO  root:18 - SSB4
2018-03-04 15:11:31 INFO  root:18 - Stuff
2018-03-04 15:11:31 INFO  root:18 - Emp1
2018-03-04 15:11:31 INFO  root:18 - NK
2018-03-04 15:11:31 INFO  root:18 - Crawdady
2018-03-04 15:11:31 INFO  root:18 - NK
2018-03-04 15:11:31 INFO  root:18 - SSB4
2018-03-04 15:11:31 INFO  root:18 - Stuff
2018-03-04 15:11:31 INFO  root:18 - Emp1
2018-03-04 15:11:31 INFO  root:18 - Crawdady
2018-03-04 15:11:31 INFO  root:18 - NK
2018-03-04 15:11:31 INFO  root:18 - SSB4
2018-03-04 15:11:31 INFO  root:18 - Stuff
2018-03-04 15:11:31 INFO  root:18 - Emp1
2018-03-04 15:11:31 INFO  root:18 - 101.0
2018-03-04 15:11:44 INFO  root:18 - Crawdady
2018-03-04 15:11:44 INFO  root:18 - NK
2018-03-04 15:11:44 INFO  root:18 - SSB4
2018-03-04 15:11:44 INFO  root:18 - Stuff
2018-03-04 15:11:44 INFO  root:18 - Emp1
2018-03-04 15:11:44 INFO  root:18 - Admin
2018-03-04 15:11:44 INFO  root:18 - Crawdady
2018-03-04 15:11:44 INFO  root:18 - NK
2018-03-04 15:11:44 INFO  root:18 - SSB4
2018-03-04 15:11:44 INFO  root:18 - Stuff
2018-03-04 15:11:44 INFO  root:18 - Emp1
2018-03-04 15:11:44 INFO  root:18 - NK
2018-03-04 15:11:44 INFO  root:18 - Crawdady
2018-03-04 15:11:44 INFO  root:18 - NK
2018-03-04 15:11:44 INFO  root:18 - SSB4
2018-03-04 15:11:44 INFO  root:18 - Stuff
2018-03-04 15:11:44 INFO  root:18 - Emp1
2018-03-04 15:11:44 INFO  root:18 - Crawdady
2018-03-04 15:11:44 INFO  root:18 - NK
2018-03-04 15:11:44 INFO  root:18 - SSB4
2018-03-04 15:11:44 INFO  root:18 - Stuff
2018-03-04 15:11:44 INFO  root:18 - Emp1
2018-03-04 15:11:44 INFO  root:18 - 101.0
2018-03-04 15:12:09 INFO  root:18 - Crawdady
2018-03-04 15:12:09 INFO  root:18 - NK
2018-03-04 15:12:09 INFO  root:18 - SSB4
2018-03-04 15:12:09 INFO  root:18 - Stuff
2018-03-04 15:12:09 INFO  root:18 - Emp1
2018-03-04 15:12:09 INFO  root:18 - thebest
2018-03-04 15:12:09 INFO  root:18 - Crawdady
2018-03-04 15:12:09 INFO  root:18 - NK
2018-03-04 15:12:09 INFO  root:18 - SSB4
2018-03-04 15:12:09 INFO  root:18 - Stuff
2018-03-04 15:12:09 INFO  root:18 - Emp1
2018-03-04 15:12:09 INFO  root:18 - Nick
2018-03-04 15:12:09 INFO  root:18 - Crawdady
2018-03-04 15:12:09 INFO  root:18 - NK
2018-03-04 15:12:09 INFO  root:18 - SSB4
2018-03-04 15:12:09 INFO  root:18 - Stuff
2018-03-04 15:12:09 INFO  root:18 - Emp1
2018-03-04 15:12:09 INFO  root:18 - Crawdady
2018-03-04 15:12:09 INFO  root:18 - NK
2018-03-04 15:12:09 INFO  root:18 - SSB4
2018-03-04 15:12:09 INFO  root:18 - Stuff
2018-03-04 15:12:09 INFO  root:18 - Emp1
2018-03-04 15:12:09 INFO  root:18 - 101.0
2018-03-04 15:12:16 INFO  root:18 - Crawdady
2018-03-04 15:12:16 INFO  root:18 - NK
2018-03-04 15:12:16 INFO  root:18 - SSB4
2018-03-04 15:12:16 INFO  root:18 - Stuff
2018-03-04 15:12:16 INFO  root:18 - Emp1
2018-03-04 15:12:16 INFO  root:18 - thebest
2018-03-04 15:12:16 INFO  root:18 - Crawdady
2018-03-04 15:12:16 INFO  root:18 - NK
2018-03-04 15:12:16 INFO  root:18 - SSB4
2018-03-04 15:12:16 INFO  root:18 - Stuff
2018-03-04 15:12:16 INFO  root:18 - Emp1
2018-03-04 15:12:16 INFO  root:18 - Nick
2018-03-04 15:12:16 INFO  root:18 - Crawdady
2018-03-04 15:12:16 INFO  root:18 - NK
2018-03-04 15:12:16 INFO  root:18 - SSB4
2018-03-04 15:12:16 INFO  root:18 - Stuff
2018-03-04 15:12:16 INFO  root:18 - Emp1
2018-03-04 15:12:16 INFO  root:18 - Crawdady
2018-03-04 15:12:16 INFO  root:18 - NK
2018-03-04 15:12:16 INFO  root:18 - SSB4
2018-03-04 15:12:16 INFO  root:18 - Stuff
2018-03-04 15:12:16 INFO  root:18 - Emp1
2018-03-04 15:12:16 INFO  root:18 - 101.0
2018-03-04 15:12:51 INFO  root:18 - Crawdady
2018-03-04 15:12:51 INFO  root:18 - NK
2018-03-04 15:12:51 INFO  root:18 - SSB4
2018-03-04 15:12:51 INFO  root:18 - Stuff
2018-03-04 15:12:51 INFO  root:18 - Emp1
2018-03-04 15:12:51 INFO  root:18 - thebest
2018-03-04 15:12:51 INFO  root:18 - Crawdady
2018-03-04 15:12:51 INFO  root:18 - NK
2018-03-04 15:12:51 INFO  root:18 - SSB4
2018-03-04 15:12:51 INFO  root:18 - Stuff
2018-03-04 15:12:51 INFO  root:18 - Emp1
2018-03-04 15:12:51 INFO  root:18 - Nick
2018-03-04 15:12:51 INFO  root:18 - Crawdady
2018-03-04 15:12:51 INFO  root:18 - NK
2018-03-04 15:12:51 INFO  root:18 - SSB4
2018-03-04 15:12:51 INFO  root:18 - Stuff
2018-03-04 15:12:51 INFO  root:18 - Emp1
2018-03-04 15:12:51 INFO  root:18 - Crawdady
2018-03-04 15:12:51 INFO  root:18 - NK
2018-03-04 15:12:51 INFO  root:18 - SSB4
2018-03-04 15:12:51 INFO  root:18 - Stuff
2018-03-04 15:12:51 INFO  root:18 - Emp1
2018-03-04 15:12:51 INFO  root:18 - 101.0
2018-03-04 15:13:27 INFO  root:18 - Crawdady
2018-03-04 15:13:27 INFO  root:18 - NK
2018-03-04 15:13:27 INFO  root:18 - SSB4
2018-03-04 15:13:27 INFO  root:18 - Stuff
2018-03-04 15:13:27 INFO  root:18 - Emp1
2018-03-04 15:13:27 INFO  root:18 - thebest
2018-03-04 15:13:27 INFO  root:18 - Crawdady
2018-03-04 15:13:27 INFO  root:18 - NK
2018-03-04 15:13:27 INFO  root:18 - SSB4
2018-03-04 15:13:27 INFO  root:18 - Stuff
2018-03-04 15:13:27 INFO  root:18 - Emp1
2018-03-04 15:13:27 INFO  root:18 - Nick
2018-03-04 15:13:27 INFO  root:18 - Crawdady
2018-03-04 15:13:27 INFO  root:18 - NK
2018-03-04 15:13:27 INFO  root:18 - SSB4
2018-03-04 15:13:27 INFO  root:18 - Stuff
2018-03-04 15:13:27 INFO  root:18 - Emp1
2018-03-04 15:13:27 INFO  root:18 - Crawdady
2018-03-04 15:13:27 INFO  root:18 - NK
2018-03-04 15:13:27 INFO  root:18 - SSB4
2018-03-04 15:13:27 INFO  root:18 - Stuff
2018-03-04 15:13:27 INFO  root:18 - Emp1
2018-03-04 15:13:27 INFO  root:18 - 101.0
2018-03-04 15:23:46 INFO  root:18 - Crawdady
2018-03-04 15:23:46 INFO  root:18 - NK
2018-03-04 15:23:46 INFO  root:18 - SSB4
2018-03-04 15:23:46 INFO  root:18 - Stuff
2018-03-04 15:23:46 INFO  root:18 - Emp1
2018-03-04 15:23:46 INFO  root:18 - Nick
2018-03-04 15:23:46 INFO  root:18 - Crawdady
2018-03-04 15:23:46 INFO  root:18 - NK
2018-03-04 15:23:46 INFO  root:18 - SSB4
2018-03-04 15:23:46 INFO  root:18 - Stuff
2018-03-04 15:23:46 INFO  root:18 - Emp1
2018-03-04 15:23:46 INFO  root:18 - Crawdady
2018-03-04 15:23:46 INFO  root:18 - NK
2018-03-04 15:23:46 INFO  root:18 - SSB4
2018-03-04 15:23:46 INFO  root:18 - Stuff
2018-03-04 15:23:46 INFO  root:18 - Emp1
2018-03-04 15:23:46 INFO  root:18 - 101.0
2018-03-04 15:38:22 INFO  root:18 - Crawdady
2018-03-04 15:38:22 INFO  root:18 - Emp1
2018-03-04 15:38:22 INFO  root:18 - Admin
2018-03-04 15:38:22 INFO  root:18 - thebest
2018-03-04 15:38:22 INFO  root:18 - Crawdady
2018-03-04 15:38:22 INFO  root:18 - Emp1
2018-03-04 15:38:22 INFO  root:18 - Admin
2018-03-04 15:38:22 INFO  root:18 - Nick
2018-03-04 15:38:22 INFO  root:18 - Crawdady
2018-03-04 15:38:22 INFO  root:18 - Emp1
2018-03-04 15:38:22 INFO  root:18 - Admin
2018-03-04 15:38:22 INFO  root:18 - Crawdady
2018-03-04 15:38:22 INFO  root:18 - Emp1
2018-03-04 15:38:22 INFO  root:18 - Admin
2018-03-04 15:38:33 INFO  root:18 - thebest
2018-03-04 15:38:33 INFO  root:18 - Nick
2018-03-04 15:38:40 INFO  root:18 - thebest
2018-03-04 15:38:40 INFO  root:18 - Nick
2018-03-04 15:39:23 INFO  root:18 - thebest
2018-03-04 15:39:23 INFO  root:18 - Nick
2018-03-04 15:39:23 INFO  root:18 - Emp1
2018-03-04 15:41:33 INFO  root:18 - thebest
2018-03-04 15:41:33 INFO  root:18 - Nick
2018-03-04 15:41:33 INFO  root:18 - Emp1
2018-03-04 15:41:33 INFO  root:18 - 101.0
2018-03-04 15:41:36 INFO  root:18 - thebest
2018-03-04 15:41:36 INFO  root:18 - Nick
2018-03-04 15:41:36 INFO  root:18 - Emp1
2018-03-04 15:41:36 INFO  root:18 - 101.0
2018-03-04 15:41:43 INFO  root:18 - thebest
2018-03-04 15:41:43 INFO  root:18 - Nick
2018-03-04 15:41:43 INFO  root:18 - Emp1
2018-03-04 15:41:43 INFO  root:18 - 101.0
2018-03-04 15:44:37 INFO  root:18 - thebest
2018-03-04 15:44:38 INFO  root:18 - Nick
2018-03-04 15:44:38 INFO  root:18 - Emp1
2018-03-04 15:44:38 INFO  root:18 - one
2018-03-04 15:45:13 INFO  root:18 - thebest
2018-03-04 15:45:13 INFO  root:18 - Nick
2018-03-04 15:45:13 INFO  root:18 - Emp1
2018-03-04 15:45:13 INFO  root:18 - one
2018-03-04 16:42:09 INFO  root:18 - Nick
2018-03-04 16:42:09 INFO  root:18 - Emp1
2018-03-04 16:42:09 INFO  root:18 - one
2018-03-04 16:42:14 INFO  root:18 - thebest
2018-03-04 16:42:14 INFO  root:18 - Nick
2018-03-04 16:42:14 INFO  root:18 - Emp1
2018-03-04 16:42:14 INFO  root:18 - one
2018-03-04 16:42:18 INFO  root:18 - thebest
2018-03-04 16:42:18 INFO  root:18 - Nick
2018-03-04 16:42:18 INFO  root:18 - Emp1
2018-03-04 16:42:18 INFO  root:18 - one
2018-03-04 16:42:26 INFO  root:18 - Lee
2018-03-04 16:43:01 INFO  root:18 - Lee
2018-03-04 17:16:44 INFO  root:18 - Nick
2018-03-04 17:16:44 INFO  root:18 - Emp1
2018-03-04 17:16:44 INFO  root:18 - one
2018-03-04 17:16:50 INFO  root:18 - -604889065
2018-03-04 17:16:50 INFO  root:18 - Nick
2018-03-04 17:16:50 INFO  root:18 - Emp1
2018-03-04 17:16:50 INFO  root:18 - one
2018-03-04 17:23:57 INFO  root:18 - Lee
2018-03-04 17:24:01 INFO  root:18 - 1
2018-03-04 17:24:39 INFO  root:18 - Lee
2018-03-04 17:24:41 INFO  root:18 - 1
2018-03-04 17:25:15 INFO  root:18 - Lee
2018-03-04 17:25:19 INFO  root:18 - 1
2018-03-04 17:26:14 INFO  root:18 - Lee
2018-03-04 17:26:51 INFO  root:18 - Lee
2018-03-04 17:27:07 INFO  root:18 - Lee
2018-03-04 17:34:42 INFO  root:18 - Lee
2018-03-04 19:35:50 INFO  root:18 - -604889065
2018-03-04 19:35:50 INFO  root:18 - Nick
2018-03-04 19:35:50 INFO  root:18 - Emp1
2018-03-04 19:35:50 INFO  root:18 - one
2018-03-04 19:35:57 INFO  root:18 - Lee
2018-03-04 19:36:32 INFO  root:18 - 1
2018-03-04 19:40:01 INFO  root:18 - 1
2018-03-04 19:40:06 INFO  root:18 - 1
2018-03-04 19:40:17 INFO  root:18 - 1
2018-03-04 19:40:23 INFO  root:18 - 1
2018-03-04 19:41:59 INFO  root:18 - 1
2018-03-04 19:42:03 INFO  root:18 - 1
2018-03-04 19:42:19 INFO  root:18 - 1
2018-03-04 19:44:31 INFO  root:18 - 1
2018-03-04 19:48:57 INFO  root:18 - 1
2018-03-04 19:50:51 INFO  root:18 - 1
2018-03-04 19:52:22 INFO  root:18 - 1
2018-03-04 19:53:15 INFO  root:18 - 1
2018-03-04 19:54:12 INFO  root:18 - 1
2018-03-04 19:58:31 INFO  root:18 - 1
2018-03-04 19:58:55 INFO  root:18 - 1
2018-03-04 19:59:37 INFO  root:18 - 1
2018-03-04 19:59:43 INFO  root:18 - 1
2018-03-04 20:00:21 INFO  root:18 - 1
2018-03-04 20:09:16 INFO  root:18 - 1
2018-03-04 20:13:51 INFO  root:18 - 1
2018-03-04 20:14:46 INFO  root:18 - 1
2018-03-04 20:18:49 INFO  root:18 - 1
2018-03-04 20:24:02 INFO  root:18 - 1
2018-03-04 20:27:57 INFO  root:18 - 1
2018-03-04 20:28:05 DEBUG root:21 - .one  
2018-03-04 20:28:05 DEBUG root:21 - .two  
2018-03-04 20:28:16 DEBUG root:21 - .one  two
2018-03-04 20:28:28 DEBUG root:21 - .one  two
2018-03-04 20:28:49 DEBUG root:21 - .one  
2018-03-04 20:28:49 DEBUG root:21 - .two  
2018-03-04 20:29:29 INFO  root:18 - 1
2018-03-04 20:29:39 DEBUG root:21 - .one  
2018-03-04 20:29:39 DEBUG root:21 - .two  
2018-03-04 20:29:47 DEBUG root:21 - .two  one
2018-03-04 20:30:24 INFO  root:18 - 1
2018-03-04 20:42:30 INFO  root:18 - 1
2018-03-04 20:45:00 INFO  root:18 - 1
2018-03-04 20:45:06 DEBUG root:21 - .one . 
2018-03-04 20:45:06 DEBUG root:21 - .two . 
2018-03-04 20:45:27 DEBUG root:21 - .two . one
2018-03-04 20:45:38 DEBUG root:21 - .one . two
2018-03-04 20:45:43 DEBUG root:21 - .one . 
2018-03-04 20:45:43 DEBUG root:21 - .two . 
2018-03-04 20:46:19 INFO  root:18 - 1
2018-03-04 20:46:27 DEBUG root:21 - .one . 
2018-03-04 20:46:27 DEBUG root:21 - .two . 
2018-03-04 20:46:33 DEBUG root:21 - .two . one
2018-03-04 20:47:06 DEBUG root:21 - .two . one
2018-03-04 20:48:27 INFO  root:18 - 1
